[debug] [2022-10-25T13:49:32.183Z] ----------------------------------------------------------------------
[debug] [2022-10-25T13:49:32.184Z] Command:       C:\Program Files\nodejs\node.exe C:\Users\mshsa\AppData\Roaming\npm\node_modules\firebase-tools\lib\bin\firebase.js init
[debug] [2022-10-25T13:49:32.185Z] CLI Version:   11.15.0
[debug] [2022-10-25T13:49:32.185Z] Platform:      win32
[debug] [2022-10-25T13:49:32.185Z] Node Version:  v16.17.1
[debug] [2022-10-25T13:49:32.190Z] Time:          Tue Oct 25 2022 19:49:32 GMT+0600 (Bangladesh Standard Time)
[debug] [2022-10-25T13:49:32.191Z] ----------------------------------------------------------------------
[debug] 
[debug] [2022-10-25T13:49:32.194Z] >>> [apiv2][query] GET https://firebase-public.firebaseio.com/cli.json [none]
[debug] [2022-10-25T13:49:32.273Z] > command requires scopes: ["email","openid","https://www.googleapis.com/auth/cloudplatformprojects.readonly","https://www.googleapis.com/auth/firebase","https://www.googleapis.com/auth/cloud-platform"]
[debug] [2022-10-25T13:49:32.274Z] > authorizing via signed-in user (tonuhossain9feb@gmail.com)
[info] 
     ######## #### ########  ######## ########     ###     ######  ########
     ##        ##  ##     ## ##       ##     ##  ##   ##  ##       ##
     ######    ##  ########  ######   ########  #########  ######  ######
     ##        ##  ##    ##  ##       ##     ## ##     ##       ## ##
     ##       #### ##     ## ######## ########  ##     ##  ######  ########

You're about to initialize a Firebase project in this directory:

  C:\Users\mshsa\OneDrive\Hero\React\career-edu\career-edu-client

Before we get started, keep in mind:

  * You are initializing within an existing Firebase project directory

[debug] [2022-10-25T13:49:32.987Z] <<< [apiv2][status] GET https://firebase-public.firebaseio.com/cli.json 200
[debug] [2022-10-25T13:49:32.987Z] <<< [apiv2][body] GET https://firebase-public.firebaseio.com/cli.json {"cloudBuildErrorAfter":1594252800000,"cloudBuildWarnAfter":1590019200000,"defaultNode10After":1594252800000,"minVersion":"3.0.5","node8DeploysDisabledAfter":1613390400000,"node8RuntimeDisabledAfter":1615809600000,"node8WarnAfter":1600128000000}
